TN:
SF:C:\Users\rusty_000\Documents\GitHub\SeniorCenterManagmentStudio\client-app\src\polyfills.ts
FNF:0
FNH:0
LF:0
LH:0
BRF:0
BRH:0
end_of_record
TN:
SF:C:\Users\rusty_000\Documents\GitHub\SeniorCenterManagmentStudio\client-app\src\test.ts
FNF:0
FNH:0
DA:13,1
DA:18,1
DA:20,1
LF:3
LH:3
BRF:0
BRH:0
end_of_record
TN:
SF:C:\Users\rusty_000\Documents\GitHub\SeniorCenterManagmentStudio\client-app\src\app\_models\member.ts
FN:1,(anonymous_0)
FNF:1
FNH:1
FNDA:1,(anonymous_0)
DA:1,1
DA:13,1
LF:2
LH:2
BRF:0
BRH:0
end_of_record
TN:
SF:C:\Users\rusty_000\Documents\GitHub\SeniorCenterManagmentStudio\client-app\src\app\_services\member-fetch.service.ts
FN:11,(anonymous_2)
FN:13,MemberFetchService
FN:17,(anonymous_4)
FN:20,(anonymous_5)
FN:22,(anonymous_6)
FN:42,(anonymous_7)
FN:53,(anonymous_8)
FNF:7
FNH:1
FNDA:1,(anonymous_2)
FNDA:0,MemberFetchService
FNDA:0,(anonymous_4)
FNDA:0,(anonymous_5)
FNDA:0,(anonymous_6)
FNDA:0,(anonymous_7)
FNDA:0,(anonymous_8)
DA:8,1
DA:11,1
DA:13,0
DA:17,1
DA:19,0
DA:21,0
DA:22,0
DA:23,0
DA:37,0
DA:42,1
DA:44,0
DA:53,1
DA:55,0
DA:56,0
DA:57,0
DA:60,1
LF:16
LH:6
BRDA:22,0,0,0
BRDA:22,0,1,0
BRF:2
BRH:0
end_of_record
TN:
SF:C:\Users\rusty_000\Documents\GitHub\SeniorCenterManagmentStudio\client-app\src\app\_services\user-authentication-data.service.ts
FN:10,(anonymous_2)
FN:12,UserAuthenticationDataService
FN:15,(anonymous_4)
FN:18,(anonymous_5)
FN:20,(anonymous_6)
FNF:5
FNH:1
FNDA:1,(anonymous_2)
FNDA:0,UserAuthenticationDataService
FNDA:0,(anonymous_4)
FNDA:0,(anonymous_5)
FNDA:0,(anonymous_6)
DA:7,1
DA:10,1
DA:12,0
DA:15,1
DA:17,0
DA:19,0
DA:20,0
DA:21,0
DA:30,0
DA:33,1
LF:10
LH:4
BRDA:20,0,0,0
BRDA:20,0,1,0
BRF:2
BRH:0
end_of_record
TN:
SF:C:\Users\rusty_000\Documents\GitHub\SeniorCenterManagmentStudio\client-app\src\app\activity-form\Activity-form.component.ts
FN:10,(anonymous_1)
FN:5,ActivityFormComponent
FN:14,(anonymous_3)
FNF:3
FNH:1
FNDA:1,(anonymous_1)
FNDA:0,ActivityFormComponent
FNDA:0,(anonymous_3)
DA:10,1
DA:12,0
DA:14,1
DA:15,1
LF:4
LH:3
BRF:0
BRH:0
end_of_record
TN:
SF:C:\Users\rusty_000\Documents\GitHub\SeniorCenterManagmentStudio\client-app\src\app\activity-form\activity-form.component.ts
FN:10,(anonymous_1)
FN:5,ActivityFormComponent
FN:14,(anonymous_3)
FNF:3
FNH:2
FNDA:1,(anonymous_1)
FNDA:1,ActivityFormComponent
FNDA:0,(anonymous_3)
DA:10,1
DA:12,1
DA:14,1
DA:15,1
LF:4
LH:4
BRF:0
BRH:0
end_of_record
TN:
SF:C:\Users\rusty_000\Documents\GitHub\SeniorCenterManagmentStudio\client-app\src\app\documentation\documentation.component.ts
FN:8,(anonymous_2)
FN:10,DocumentationComponent
FN:12,(anonymous_4)
FNF:3
FNH:3
FNDA:1,(anonymous_2)
FNDA:1,DocumentationComponent
FNDA:1,(anonymous_4)
DA:8,1
DA:12,1
DA:15,1
LF:3
LH:3
BRF:0
BRH:0
end_of_record
TN:
SF:C:\Users\rusty_000\Documents\GitHub\SeniorCenterManagmentStudio\client-app\src\app\info-form\Info-form.component.ts
FN:11,(anonymous_2)
FN:15,InfoFormComponent
FN:18,(anonymous_4)
FN:22,(anonymous_5)
FN:23,(anonymous_6)
FNF:5
FNH:1
FNDA:1,(anonymous_2)
FNDA:0,InfoFormComponent
FNDA:0,(anonymous_4)
FNDA:0,(anonymous_5)
FNDA:0,(anonymous_6)
DA:11,1
DA:15,0
DA:16,0
DA:18,1
DA:19,0
DA:22,1
DA:23,0
DA:24,0
DA:27,1
LF:9
LH:4
BRF:0
BRH:0
end_of_record
TN:
SF:C:\Users\rusty_000\Documents\GitHub\SeniorCenterManagmentStudio\client-app\src\app\info-form\info-form.component.ts
FN:11,(anonymous_2)
FN:15,InfoFormComponent
FN:18,(anonymous_4)
FN:22,(anonymous_5)
FN:23,(anonymous_6)
FNF:5
FNH:1
FNDA:1,(anonymous_2)
FNDA:0,InfoFormComponent
FNDA:0,(anonymous_4)
FNDA:0,(anonymous_5)
FNDA:0,(anonymous_6)
DA:11,1
DA:15,0
DA:16,0
DA:18,1
DA:19,0
DA:22,1
DA:23,0
DA:24,0
DA:27,1
LF:9
LH:4
BRF:0
BRH:0
end_of_record
TN:
SF:C:\Users\rusty_000\Documents\GitHub\SeniorCenterManagmentStudio\client-app\src\app\members\members.component.ts
FN:14,(anonymous_2)
FN:15,MembersComponent
FN:20,(anonymous_4)
FN:24,(anonymous_5)
FN:26,(anonymous_6)
FN:27,(anonymous_7)
FN:28,(anonymous_8)
FN:32,(anonymous_9)
FN:33,(anonymous_10)
FN:39,(anonymous_11)
FN:42,(anonymous_12)
FNF:11
FNH:1
FNDA:1,(anonymous_2)
FNDA:0,MembersComponent
FNDA:0,(anonymous_4)
FNDA:0,(anonymous_5)
FNDA:0,(anonymous_6)
FNDA:0,(anonymous_7)
FNDA:0,(anonymous_8)
FNDA:0,(anonymous_9)
FNDA:0,(anonymous_10)
FNDA:0,(anonymous_11)
FNDA:0,(anonymous_12)
DA:14,1
DA:15,0
DA:20,1
DA:21,0
DA:24,1
DA:25,0
DA:26,0
DA:27,0
DA:28,0
DA:32,1
DA:33,0
DA:34,0
DA:39,1
DA:40,0
DA:42,0
DA:43,0
DA:47,1
LF:17
LH:6
BRF:0
BRH:0
end_of_record
TN:
SF:C:\Users\rusty_000\Documents\GitHub\SeniorCenterManagmentStudio\client-app\src\app\reports\reports.component.ts
FN:9,(anonymous_2)
FN:11,ReportsComponent
FN:13,(anonymous_4)
FNF:3
FNH:3
FNDA:1,(anonymous_2)
FNDA:1,ReportsComponent
FNDA:1,(anonymous_4)
DA:9,1
DA:13,1
DA:16,1
LF:3
LH:3
BRF:0
BRH:0
end_of_record
TN:
SF:C:\Users\rusty_000\Documents\GitHub\SeniorCenterManagmentStudio\client-app\src\app\services\services.component.ts
FN:12,(anonymous_2)
FN:14,ServicesComponent
FN:17,(anonymous_4)
FN:20,(anonymous_5)
FN:25,(anonymous_6)
FNF:5
FNH:1
FNDA:1,(anonymous_2)
FNDA:0,ServicesComponent
FNDA:0,(anonymous_4)
FNDA:0,(anonymous_5)
FNDA:0,(anonymous_6)
DA:12,1
DA:14,0
DA:17,1
DA:18,0
DA:20,0
DA:21,0
DA:25,1
DA:28,1
LF:8
LH:4
BRF:0
BRH:0
end_of_record
TN:
SF:C:\Users\rusty_000\Documents\GitHub\SeniorCenterManagmentStudio\client-app\src\app\volunteer-form\volunteer-form.component.ts
FN:9,(anonymous_2)
FN:11,VolunteerFormComponent
FN:15,(anonymous_4)
FN:17,(anonymous_5)
FNF:4
FNH:3
FNDA:1,(anonymous_2)
FNDA:1,VolunteerFormComponent
FNDA:0,(anonymous_4)
FNDA:1,(anonymous_5)
DA:9,1
DA:13,1
DA:15,1
DA:17,1
DA:20,1
LF:5
LH:5
BRF:0
BRH:0
end_of_record
TN:
SF:C:\Users\rusty_000\Documents\GitHub\SeniorCenterManagmentStudio\client-app\src\app\volunteers\volunteers.component.ts
FN:13,(anonymous_2)
FN:15,VolunteersComponent
FN:17,(anonymous_4)
FN:20,(anonymous_5)
FN:25,(anonymous_6)
FNF:5
FNH:1
FNDA:1,(anonymous_2)
FNDA:0,VolunteersComponent
FNDA:0,(anonymous_4)
FNDA:0,(anonymous_5)
FNDA:0,(anonymous_6)
DA:13,1
DA:15,0
DA:17,1
DA:18,0
DA:20,0
DA:21,0
DA:25,1
DA:27,1
LF:8
LH:4
BRF:0
BRH:0
end_of_record
